==================================================
СКРИПТ: IFC_Checker
ЗАПУСК: 2026-03-16 11:58:45
==================================================
2026-03-16 11:58:45 | INFO    | interface.py:77      | Начало проверки IFC
--------------------------------------------------------------------------------
2026-03-16 11:58:45 | INFO    | interface.py:81      | Папка IFC: C:/Users/ilyas/Documents/GitHub/ifc_checker/samples/ifc_models
2026-03-16 11:58:45 | INFO    | interface.py:82      | Папка отчетов: C:/Users/ilyas/Documents/GitHub/ifc_checker/samples/reports
2026-03-16 11:58:45 | INFO    | interface.py:83      | Файлы IDS: 1 шт.
2026-03-16 11:58:45 | INFO    | interface.py:85      |   - C:/Users/ilyas/Documents/GitHub/ifc_checker/samples/test_all.ids
2026-03-16 11:58:45 | INFO    | interface.py:93      | Конфигурация не указана (проверка всех файлов)
--------------------------------------------------------------------------------
2026-03-16 11:58:45 | INFO    | interface.py:96      | Подсчет файлов для проверки...
2026-03-16 11:58:45 | INFO    | interface.py:115     | Найдено проверок: 3
--------------------------------------------------------------------------------
2026-03-16 11:58:45 | INFO    | interface.py:117     | Начало проверки файлов...
2026-03-16 11:58:45 | INFO    | interface.py:141     | [1/3] Проверка: Здание_1_AR(test_all)
2026-03-16 11:58:45 | DEBUG   | interface.py:142     |   IFC: C:/Users/ilyas/Documents/GitHub/ifc_checker/samples/ifc_models\AR\Здание_1_AR.ifc
2026-03-16 11:58:45 | DEBUG   | interface.py:143     |   IDS: C:/Users/ilyas/Documents/GitHub/ifc_checker/samples/test_all.ids
2026-03-16 11:58:48 | INFO    | interface.py:160     |   Готово: C:/Users/ilyas/Documents/GitHub/ifc_checker/samples/reports\AR\Здание_1_AR(test_all).html
2026-03-16 11:58:48 | INFO    | interface.py:141     | [2/3] Проверка: Здание_3_IOS(test_all)
2026-03-16 11:58:48 | DEBUG   | interface.py:142     |   IFC: C:/Users/ilyas/Documents/GitHub/ifc_checker/samples/ifc_models\IOS\Здание_3_IOS.ifc
2026-03-16 11:58:48 | DEBUG   | interface.py:143     |   IDS: C:/Users/ilyas/Documents/GitHub/ifc_checker/samples/test_all.ids
2026-03-16 11:58:53 | INFO    | interface.py:160     |   Готово: C:/Users/ilyas/Documents/GitHub/ifc_checker/samples/reports\IOS\Здание_3_IOS(test_all).html
2026-03-16 11:58:53 | INFO    | interface.py:141     | [3/3] Проверка: Здание_2_KR(test_all)
2026-03-16 11:58:53 | DEBUG   | interface.py:142     |   IFC: C:/Users/ilyas/Documents/GitHub/ifc_checker/samples/ifc_models\KR\Здание_2_KR.ifc
2026-03-16 11:58:53 | DEBUG   | interface.py:143     |   IDS: C:/Users/ilyas/Documents/GitHub/ifc_checker/samples/test_all.ids
2026-03-16 11:58:55 | INFO    | interface.py:160     |   Готово: C:/Users/ilyas/Documents/GitHub/ifc_checker/samples/reports\KR\Здание_2_KR(test_all).html
--------------------------------------------------------------------------------
2026-03-16 11:58:55 | INFO    | interface.py:171     | Формирование сводного отчета...
2026-03-16 11:58:56 | INFO    | interface.py:177     | Сводный отчет создан
2026-03-16 11:58:56 | INFO    | interface.py:178     | Всего отчетов: 3 шт.
--------------------------------------------------------------------------------
2026-03-16 11:58:56 | INFO    | interface.py:188     | Проверка завершена
2026-03-16 11:58:56 | INFO    | interface.py:190     | Лог сохранен: C:\Users\ilyas\Documents\GitHub\ifc_checker\samples\reports\ifc_checker.log
